<?xml version="1.0" encoding="UTF-8"?>
<!-- Generated by org.testng.reporters.JUnitXMLReporter -->
<testsuite hostname="LAPTOP-P8O1O5VN" failures="0" tests="4" name="Test" time="6.185" errors="0" timestamp="9 Nov 2022 01:45:39 GMT">
  <testcase classname="Amazonpage.closing" name="gettitle" time="0.05"/>
  <testcase classname="Amazonpage.closing" name="geturl" time="0.022"/>
  <testcase classname="Amazonpage.closing" name="dropdownelements" time="0.771"/>
  <testcase classname="Amazonpage.closing" name="screenshot" time="0.414"/>
</testsuite> <!-- Test -->
