<?xml version="1.0" encoding="UTF-8"?>
<!-- Generated by org.testng.reporters.JUnitXMLReporter -->
<testsuite hostname="LAPTOP-P8O1O5VN" failures="0" tests="3" name="Default test" time="47.299" errors="0" timestamp="8 Nov 2022 05:28:25 GMT">
  <testcase classname="module1.program2" name="CurrentUrl" time="0.032"/>
  <testcase classname="module1.program2" name="ScreenShot" time="0.526"/>
  <testcase classname="module1.program2" name="Title" time="0.022"/>
</testsuite> <!-- Default test -->
