<?xml version="1.0" encoding="UTF-8"?>
<testng-results total="4" passed="4" failed="0" skipped="0">
  <reporter-output>
  </reporter-output>
  <suite started-at="2022-11-09T01:45:33Z" name="Suite" finished-at="2022-11-09T01:45:39Z" duration-ms="6185">
    <groups>
    </groups>
    <test started-at="2022-11-09T01:45:33Z" name="Test" finished-at="2022-11-09T01:45:39Z" duration-ms="6185">
      <class name="Amazonpage.closing">
        <test-method is-config="true" signature="opening_browser()[pri:0, instance:Amazonpage.closing@1e800aaa]" started-at="2022-11-09T07:15:33Z" name="opening_browser" finished-at="2022-11-09T07:15:38Z" duration-ms="4766" status="PASS">
          <reporter-output>
          </reporter-output>
        </test-method> <!-- opening_browser -->
        <test-method signature="gettitle()[pri:1, instance:Amazonpage.closing@1e800aaa]" started-at="2022-11-09T07:15:38Z" name="gettitle" finished-at="2022-11-09T07:15:38Z" duration-ms="50" status="PASS">
          <reporter-output>
          </reporter-output>
        </test-method> <!-- gettitle -->
        <test-method signature="geturl()[pri:2, instance:Amazonpage.closing@1e800aaa]" started-at="2022-11-09T07:15:38Z" name="geturl" finished-at="2022-11-09T07:15:38Z" duration-ms="22" status="PASS">
          <reporter-output>
          </reporter-output>
        </test-method> <!-- geturl -->
        <test-method signature="dropdownelements()[pri:3, instance:Amazonpage.closing@1e800aaa]" started-at="2022-11-09T07:15:38Z" name="dropdownelements" finished-at="2022-11-09T07:15:39Z" duration-ms="771" status="PASS">
          <reporter-output>
          </reporter-output>
        </test-method> <!-- dropdownelements -->
        <test-method signature="screenshot()[pri:4, instance:Amazonpage.closing@1e800aaa]" started-at="2022-11-09T07:15:39Z" name="screenshot" finished-at="2022-11-09T07:15:39Z" duration-ms="414" status="PASS">
          <reporter-output>
          </reporter-output>
        </test-method> <!-- screenshot -->
        <test-method is-config="true" signature="close()[pri:0, instance:Amazonpage.closing@1e800aaa]" started-at="2022-11-09T07:15:39Z" name="close" finished-at="2022-11-09T07:15:39Z" duration-ms="145" status="PASS">
          <reporter-output>
          </reporter-output>
        </test-method> <!-- close -->
      </class> <!-- Amazonpage.closing -->
    </test> <!-- Test -->
  </suite> <!-- Suite -->
</testng-results>
